2025-11-11 19:24:46 - INFO - ============================================================
2025-11-11 19:24:46 - INFO - Заполнение таблиц тестовыми данными
2025-11-11 19:24:46 - INFO - ============================================================
2025-11-11 19:24:46 - INFO - Количество записей на таблицу: 2,000,000

2025-11-11 19:24:46 - INFO - Логи записываются в файл: fill_data_20251111_192446.log

2025-11-11 19:24:46 - INFO - Подключение к базе данных установлено.

2025-11-11 19:24:46 - INFO - Создание таблиц...
2025-11-11 19:24:46 - INFO - Таблицы созданы успешно.

2025-11-11 19:24:46 - INFO - Заполнение таблицы table1...
2025-11-11 19:24:46 - INFO -   Диапазон длины строк: 1-100 символов
2025-11-11 19:24:46 - INFO -   Количество записей: 2,000,000
2025-11-11 19:24:46 - INFO -   Размер батча: 10,000
2025-11-11 19:24:51 - INFO -   Вставлено: 100,000 / 2,000,000 (5.0%) | Скорость: 17692 записей/сек
2025-11-11 19:24:56 - INFO -   Вставлено: 200,000 / 2,000,000 (10.0%) | Скорость: 19974 записей/сек
2025-11-11 19:25:02 - INFO -   Вставлено: 300,000 / 2,000,000 (15.0%) | Скорость: 18859 записей/сек
2025-11-11 19:25:07 - INFO -   Вставлено: 400,000 / 2,000,000 (20.0%) | Скорость: 19241 записей/сек
2025-11-11 19:25:12 - INFO -   Вставлено: 500,000 / 2,000,000 (25.0%) | Скорость: 19262 записей/сек
2025-11-11 19:25:18 - INFO -   Вставлено: 600,000 / 2,000,000 (30.0%) | Скорость: 18619 записей/сек
2025-11-11 19:25:26 - INFO -   Вставлено: 700,000 / 2,000,000 (35.0%) | Скорость: 17211 записей/сек
2025-11-11 19:25:33 - INFO -   Вставлено: 800,000 / 2,000,000 (40.0%) | Скорость: 16920 записей/сек
2025-11-11 19:25:40 - INFO -   Вставлено: 900,000 / 2,000,000 (45.0%) | Скорость: 16488 записей/сек
2025-11-11 19:25:47 - INFO -   Вставлено: 1,000,000 / 2,000,000 (50.0%) | Скорость: 16242 записей/сек
2025-11-11 19:25:55 - INFO -   Вставлено: 1,100,000 / 2,000,000 (55.0%) | Скорость: 15865 записей/сек
2025-11-11 19:26:02 - INFO -   Вставлено: 1,200,000 / 2,000,000 (60.0%) | Скорость: 15800 записей/сек
2025-11-11 19:26:11 - INFO -   Вставлено: 1,300,000 / 2,000,000 (65.0%) | Скорость: 15294 записей/сек
2025-11-11 19:26:24 - INFO -   Вставлено: 1,400,000 / 2,000,000 (70.0%) | Скорость: 14184 записей/сек
2025-11-11 19:26:45 - INFO -   Вставлено: 1,500,000 / 2,000,000 (75.0%) | Скорость: 12542 записей/сек
2025-11-11 19:27:11 - INFO -   Вставлено: 1,600,000 / 2,000,000 (80.0%) | Скорость: 11008 записей/сек
2025-11-11 19:27:42 - INFO -   Вставлено: 1,700,000 / 2,000,000 (85.0%) | Скорость: 9627 записей/сек
2025-11-11 19:28:20 - INFO -   Вставлено: 1,800,000 / 2,000,000 (90.0%) | Скорость: 8406 записей/сек
2025-11-11 19:28:52 - INFO -   Вставлено: 1,900,000 / 2,000,000 (95.0%) | Скорость: 7720 записей/сек
2025-11-11 19:29:24 - INFO -   Вставлено: 2,000,000 / 2,000,000 (100.0%) | Скорость: 7191 записей/сек
2025-11-11 19:29:24 - INFO - ✓ Таблица table1 заполнена за 278.14 секунд (7191 записей/сек)

2025-11-11 19:29:24 - INFO - Заполнение таблицы table2...
2025-11-11 19:29:24 - INFO -   Диапазон длины строк: 1-100 символов
2025-11-11 19:29:24 - INFO -   Количество записей: 2,000,000
2025-11-11 19:29:24 - INFO -   Размер батча: 10,000
2025-11-11 19:29:27 - INFO -   Вставлено: 100,000 / 2,000,000 (5.0%) | Скорость: 32487 записей/сек
2025-11-11 19:29:30 - INFO -   Вставлено: 200,000 / 2,000,000 (10.0%) | Скорость: 30584 записей/сек
2025-11-11 19:29:33 - INFO -   Вставлено: 300,000 / 2,000,000 (15.0%) | Скорость: 31873 записей/сек
2025-11-11 19:29:37 - INFO -   Вставлено: 400,000 / 2,000,000 (20.0%) | Скорость: 31601 записей/сек
2025-11-11 19:29:40 - INFO -   Вставлено: 500,000 / 2,000,000 (25.0%) | Скорость: 31496 записей/сек
2025-11-11 19:29:43 - INFO -   Вставлено: 600,000 / 2,000,000 (30.0%) | Скорость: 31967 записей/сек
2025-11-11 19:29:46 - INFO -   Вставлено: 700,000 / 2,000,000 (35.0%) | Скорость: 32336 записей/сек
2025-11-11 19:29:48 - INFO -   Вставлено: 800,000 / 2,000,000 (40.0%) | Скорость: 32638 записей/сек
2025-11-11 19:29:52 - INFO -   Вставлено: 900,000 / 2,000,000 (45.0%) | Скорость: 32495 записей/сек
2025-11-11 19:29:55 - INFO -   Вставлено: 1,000,000 / 2,000,000 (50.0%) | Скорость: 32639 записей/сек
2025-11-11 19:29:57 - INFO -   Вставлено: 1,100,000 / 2,000,000 (55.0%) | Скорость: 33197 записей/сек
2025-11-11 19:30:00 - INFO -   Вставлено: 1,200,000 / 2,000,000 (60.0%) | Скорость: 33243 записей/сек
2025-11-11 19:30:03 - INFO -   Вставлено: 1,300,000 / 2,000,000 (65.0%) | Скорость: 33525 записей/сек
2025-11-11 19:30:05 - INFO -   Вставлено: 1,400,000 / 2,000,000 (70.0%) | Скорость: 33805 записей/сек
2025-11-11 19:30:09 - INFO -   Вставлено: 1,500,000 / 2,000,000 (75.0%) | Скорость: 33523 записей/сек
2025-11-11 19:30:13 - INFO -   Вставлено: 1,600,000 / 2,000,000 (80.0%) | Скорость: 32532 записей/сек
2025-11-11 19:30:17 - INFO -   Вставлено: 1,700,000 / 2,000,000 (85.0%) | Скорость: 32187 записей/сек
2025-11-11 19:30:21 - INFO -   Вставлено: 1,800,000 / 2,000,000 (90.0%) | Скорость: 31583 записей/сек
2025-11-11 19:30:26 - INFO -   Вставлено: 1,900,000 / 2,000,000 (95.0%) | Скорость: 30782 записей/сек
2025-11-11 19:30:29 - INFO -   Вставлено: 2,000,000 / 2,000,000 (100.0%) | Скорость: 30706 записей/сек
2025-11-11 19:30:29 - INFO - ✓ Таблица table2 заполнена за 65.13 секунд (30706 записей/сек)

2025-11-11 19:30:29 - INFO - Заполнение таблицы table3...
2025-11-11 19:30:29 - INFO -   Диапазон длины строк: 500-1000 символов
2025-11-11 19:30:29 - INFO -   Количество записей: 2,000,000
2025-11-11 19:30:29 - INFO -   Размер батча: 10,000
2025-11-11 19:30:47 - INFO -   Вставлено: 100,000 / 2,000,000 (5.0%) | Скорость: 5595 записей/сек
2025-11-11 19:31:04 - INFO -   Вставлено: 200,000 / 2,000,000 (10.0%) | Скорость: 5773 записей/сек
2025-11-11 19:31:20 - INFO -   Вставлено: 300,000 / 2,000,000 (15.0%) | Скорость: 5910 записей/сек
2025-11-11 19:31:35 - INFO -   Вставлено: 400,000 / 2,000,000 (20.0%) | Скорость: 6020 записей/сек
2025-11-11 19:31:53 - INFO -   Вставлено: 500,000 / 2,000,000 (25.0%) | Скорость: 5979 записей/сек
2025-11-11 19:32:09 - INFO -   Вставлено: 600,000 / 2,000,000 (30.0%) | Скорость: 5977 записей/сек
2025-11-11 19:32:26 - INFO -   Вставлено: 700,000 / 2,000,000 (35.0%) | Скорость: 6000 записей/сек
2025-11-11 19:32:43 - INFO -   Вставлено: 800,000 / 2,000,000 (40.0%) | Скорость: 5958 записей/сек
2025-11-11 19:33:00 - INFO -   Вставлено: 900,000 / 2,000,000 (45.0%) | Скорость: 5981 записей/сек
2025-11-11 19:33:16 - INFO -   Вставлено: 1,000,000 / 2,000,000 (50.0%) | Скорость: 5993 записей/сек
2025-11-11 19:33:34 - INFO -   Вставлено: 1,100,000 / 2,000,000 (55.0%) | Скорость: 5960 записей/сек
2025-11-11 19:33:51 - INFO -   Вставлено: 1,200,000 / 2,000,000 (60.0%) | Скорость: 5930 записей/сек
2025-11-11 19:34:08 - INFO -   Вставлено: 1,300,000 / 2,000,000 (65.0%) | Скорость: 5927 записей/сек
2025-11-11 19:34:27 - INFO -   Вставлено: 1,400,000 / 2,000,000 (70.0%) | Скорость: 5873 записей/сек
2025-11-11 19:34:44 - INFO -   Вставлено: 1,500,000 / 2,000,000 (75.0%) | Скорость: 5887 записей/сек
2025-11-11 19:35:01 - INFO -   Вставлено: 1,600,000 / 2,000,000 (80.0%) | Скорость: 5884 записей/сек
2025-11-11 19:35:17 - INFO -   Вставлено: 1,700,000 / 2,000,000 (85.0%) | Скорость: 5913 записей/сек
2025-11-11 19:35:32 - INFO -   Вставлено: 1,800,000 / 2,000,000 (90.0%) | Скорость: 5939 записей/сек
2025-11-11 19:35:48 - INFO -   Вставлено: 1,900,000 / 2,000,000 (95.0%) | Скорость: 5952 записей/сек
2025-11-11 19:36:05 - INFO -   Вставлено: 2,000,000 / 2,000,000 (100.0%) | Скорость: 5957 записей/сек
2025-11-11 19:36:05 - INFO - ✓ Таблица table3 заполнена за 335.75 секунд (5957 записей/сек)

2025-11-11 19:36:05 - INFO - Заполнение таблицы table4...
2025-11-11 19:36:05 - INFO -   Диапазон длины строк: 9000-10000 символов
2025-11-11 19:36:05 - INFO -   Количество записей: 2,000,000
2025-11-11 19:36:05 - INFO -   Размер батча: 10,000
2025-11-11 19:39:08 - INFO -   Вставлено: 100,000 / 2,000,000 (5.0%) | Скорость: 546 записей/сек
2025-11-11 19:42:05 - INFO -   Вставлено: 200,000 / 2,000,000 (10.0%) | Скорость: 556 записей/сек
2025-11-11 19:45:10 - INFO -   Вставлено: 300,000 / 2,000,000 (15.0%) | Скорость: 550 записей/сек
2025-11-11 19:48:14 - INFO -   Вставлено: 400,000 / 2,000,000 (20.0%) | Скорость: 548 записей/сек
2025-11-11 19:51:21 - INFO -   Вставлено: 500,000 / 2,000,000 (25.0%) | Скорость: 545 записей/сек
2025-11-11 19:54:19 - INFO -   Вставлено: 600,000 / 2,000,000 (30.0%) | Скорость: 548 записей/сек
2025-11-11 19:57:17 - INFO -   Вставлено: 700,000 / 2,000,000 (35.0%) | Скорость: 550 записей/сек
2025-11-11 20:00:27 - INFO -   Вставлено: 800,000 / 2,000,000 (40.0%) | Скорость: 547 записей/сек
2025-11-11 20:03:40 - INFO -   Вставлено: 900,000 / 2,000,000 (45.0%) | Скорость: 544 записей/сек
2025-11-11 20:06:48 - INFO -   Вставлено: 1,000,000 / 2,000,000 (50.0%) | Скорость: 543 записей/сек
2025-11-11 20:09:48 - INFO -   Вставлено: 1,100,000 / 2,000,000 (55.0%) | Скорость: 544 записей/сек
2025-11-11 20:12:47 - INFO -   Вставлено: 1,200,000 / 2,000,000 (60.0%) | Скорость: 545 записей/сек
2025-11-11 20:16:00 - INFO -   Вставлено: 1,300,000 / 2,000,000 (65.0%) | Скорость: 543 записей/сек
2025-11-11 20:19:07 - INFO -   Вставлено: 1,400,000 / 2,000,000 (70.0%) | Скорость: 542 записей/сек
2025-11-11 20:22:15 - INFO -   Вставлено: 1,500,000 / 2,000,000 (75.0%) | Скорость: 542 записей/сек
2025-11-11 20:25:23 - INFO -   Вставлено: 1,600,000 / 2,000,000 (80.0%) | Скорость: 541 записей/сек
2025-11-11 20:28:25 - INFO -   Вставлено: 1,700,000 / 2,000,000 (85.0%) | Скорость: 541 записей/сек
2025-11-11 20:31:35 - INFO -   Вставлено: 1,800,000 / 2,000,000 (90.0%) | Скорость: 540 записей/сек
2025-11-11 20:34:44 - INFO -   Вставлено: 1,900,000 / 2,000,000 (95.0%) | Скорость: 540 записей/сек
2025-11-11 20:37:58 - INFO -   Вставлено: 2,000,000 / 2,000,000 (100.0%) | Скорость: 539 записей/сек
2025-11-11 20:37:58 - INFO - ✓ Таблица table4 заполнена за 3713.65 секунд (539 записей/сек)

2025-11-11 20:59:33 - INFO - Заполнение таблицы table5...
2025-11-11 20:59:33 - INFO -   Диапазон длины строк: 500-1000 символов
2025-11-11 20:59:33 - INFO -   Количество записей: 2,000,000
2025-11-11 20:59:33 - INFO -   Размер батча: 10,000
2025-11-11 21:00:13 - INFO -   Вставлено: 100,000 / 2,000,000 (5.0%) | Скорость: 2487 записей/сек
2025-11-11 21:01:24 - INFO -   Вставлено: 200,000 / 2,000,000 (10.0%) | Скорость: 1797 записей/сек
2025-11-11 21:03:39 - INFO -   Вставлено: 300,000 / 2,000,000 (15.0%) | Скорость: 1218 записей/сек
2025-11-11 21:05:33 - INFO -   Вставлено: 400,000 / 2,000,000 (20.0%) | Скорость: 1113 записей/сек
2025-11-11 21:07:29 - INFO -   Вставлено: 500,000 / 2,000,000 (25.0%) | Скорость: 1051 записей/сек
2025-11-11 21:09:35 - INFO -   Вставлено: 600,000 / 2,000,000 (30.0%) | Скорость: 997 записей/сек
2025-11-11 21:11:54 - INFO -   Вставлено: 700,000 / 2,000,000 (35.0%) | Скорость: 945 записей/сек
2025-11-11 21:14:15 - INFO -   Вставлено: 800,000 / 2,000,000 (40.0%) | Скорость: 907 записей/сек
2025-11-11 21:16:51 - INFO -   Вставлено: 900,000 / 2,000,000 (45.0%) | Скорость: 867 записей/сек
2025-11-11 21:19:33 - INFO -   Вставлено: 1,000,000 / 2,000,000 (50.0%) | Скорость: 833 записей/сек
2025-11-11 21:22:06 - INFO -   Вставлено: 1,100,000 / 2,000,000 (55.0%) | Скорость: 813 записей/сек
2025-11-11 21:24:50 - INFO -   Вставлено: 1,200,000 / 2,000,000 (60.0%) | Скорость: 791 записей/сек
2025-11-11 21:27:42 - INFO -   Вставлено: 1,300,000 / 2,000,000 (65.0%) | Скорость: 770 записей/сек
2025-11-11 21:30:29 - INFO -   Вставлено: 1,400,000 / 2,000,000 (70.0%) | Скорость: 754 записей/сек
2025-11-11 21:33:10 - INFO -   Вставлено: 1,500,000 / 2,000,000 (75.0%) | Скорость: 744 записей/сек
2025-11-11 21:36:06 - INFO -   Вставлено: 1,600,000 / 2,000,000 (80.0%) | Скорость: 730 записей/сек
2025-11-11 21:39:06 - INFO -   Вставлено: 1,700,000 / 2,000,000 (85.0%) | Скорость: 717 записей/сек
2025-11-11 21:42:16 - INFO -   Вставлено: 1,800,000 / 2,000,000 (90.0%) | Скорость: 702 записей/сек
2025-11-11 21:44:56 - INFO -   Вставлено: 1,900,000 / 2,000,000 (95.0%) | Скорость: 698 записей/сек
2025-11-11 21:47:37 - INFO -   Вставлено: 2,000,000 / 2,000,000 (100.0%) | Скорость: 693 записей/сек
2025-11-11 21:47:37 - INFO - ✓ Таблица table5 заполнена за 2884.22 секунд (693 записей/сек)

2025-11-11 21:47:37 - INFO - Заполнение таблицы table6...
2025-11-11 21:47:37 - INFO -   Диапазон длины строк: 9000-10000 символов
2025-11-11 21:47:37 - INFO -   Количество записей: 2,000,000
2025-11-11 21:47:37 - INFO -   Размер батча: 10,000
2025-11-11 21:50:17 - INFO -   Вставлено: 100,000 / 2,000,000 (5.0%) | Скорость: 626 записей/сек
2025-11-11 21:53:53 - INFO -   Вставлено: 200,000 / 2,000,000 (10.0%) | Скорость: 532 записей/сек
2025-11-11 21:57:32 - INFO -   Вставлено: 300,000 / 2,000,000 (15.0%) | Скорость: 505 записей/сек
2025-11-11 22:01:02 - INFO -   Вставлено: 400,000 / 2,000,000 (20.0%) | Скорость: 497 записей/сек
2025-11-11 22:04:16 - INFO -   Вставлено: 500,000 / 2,000,000 (25.0%) | Скорость: 501 записей/сек
2025-11-11 22:07:42 - INFO -   Вставлено: 600,000 / 2,000,000 (30.0%) | Скорость: 498 записей/сек
2025-11-11 22:10:41 - INFO -   Вставлено: 700,000 / 2,000,000 (35.0%) | Скорость: 506 записей/сек
2025-11-11 22:13:32 - INFO -   Вставлено: 800,000 / 2,000,000 (40.0%) | Скорость: 515 записей/сек
2025-11-11 22:16:18 - INFO -   Вставлено: 900,000 / 2,000,000 (45.0%) | Скорость: 523 записей/сек
2025-11-11 22:19:13 - INFO -   Вставлено: 1,000,000 / 2,000,000 (50.0%) | Скорость: 528 записей/сек
2025-11-11 22:22:06 - INFO -   Вставлено: 1,100,000 / 2,000,000 (55.0%) | Скорость: 532 записей/сек
2025-11-11 22:24:49 - INFO -   Вставлено: 1,200,000 / 2,000,000 (60.0%) | Скорость: 538 записей/сек
2025-11-11 22:27:47 - INFO -   Вставлено: 1,300,000 / 2,000,000 (65.0%) | Скорость: 539 записей/сек
2025-11-11 22:30:56 - INFO -   Вставлено: 1,400,000 / 2,000,000 (70.0%) | Скорость: 539 записей/сек
2025-11-11 22:34:15 - INFO -   Вставлено: 1,500,000 / 2,000,000 (75.0%) | Скорость: 536 записей/сек
2025-11-11 22:37:23 - INFO -   Вставлено: 1,600,000 / 2,000,000 (80.0%) | Скорость: 536 записей/сек
2025-11-11 22:40:27 - INFO -   Вставлено: 1,700,000 / 2,000,000 (85.0%) | Скорость: 536 записей/сек
2025-11-11 22:43:40 - INFO -   Вставлено: 1,800,000 / 2,000,000 (90.0%) | Скорость: 535 записей/сек
2025-11-11 22:46:31 - INFO -   Вставлено: 1,900,000 / 2,000,000 (95.0%) | Скорость: 538 записей/сек
2025-11-11 22:49:54 - INFO -   Вставлено: 2,000,000 / 2,000,000 (100.0%) | Скорость: 535 записей/сек
2025-11-11 22:49:54 - INFO - ✓ Таблица table6 заполнена за 3736.42 секунд (535 записей/сек)


2025-11-11 22:54:31 - INFO - Заполнение таблицы table7...
2025-11-11 22:54:31 - INFO -   Диапазон длины строк: 500-1000 символов
2025-11-11 22:54:31 - INFO -   Количество записей: 2,000,000
2025-11-11 22:54:31 - INFO -   Размер батча: 10,000
2025-11-11 22:54:44 - INFO -   Вставлено: 100,000 / 2,000,000 (5.0%) | Скорость: 7755 записей/сек
2025-11-11 22:54:58 - INFO -   Вставлено: 200,000 / 2,000,000 (10.0%) | Скорость: 7469 записей/сек
2025-11-11 22:55:12 - INFO -   Вставлено: 300,000 / 2,000,000 (15.0%) | Скорость: 7301 записей/сек
2025-11-11 22:55:26 - INFO -   Вставлено: 400,000 / 2,000,000 (20.0%) | Скорость: 7265 записей/сек
2025-11-11 22:55:42 - INFO -   Вставлено: 500,000 / 2,000,000 (25.0%) | Скорость: 7090 записей/сек
2025-11-11 22:55:55 - INFO -   Вставлено: 600,000 / 2,000,000 (30.0%) | Скорость: 7113 записей/сек
2025-11-11 22:56:10 - INFO -   Вставлено: 700,000 / 2,000,000 (35.0%) | Скорость: 7103 записей/сек
2025-11-11 22:56:25 - INFO -   Вставлено: 800,000 / 2,000,000 (40.0%) | Скорость: 7045 записей/сек
2025-11-11 22:56:39 - INFO -   Вставлено: 900,000 / 2,000,000 (45.0%) | Скорость: 7022 записей/сек
2025-11-11 22:56:55 - INFO -   Вставлено: 1,000,000 / 2,000,000 (50.0%) | Скорость: 6939 записей/сек
2025-11-11 22:57:12 - INFO -   Вставлено: 1,100,000 / 2,000,000 (55.0%) | Скорость: 6856 записей/сек
2025-11-11 22:57:30 - INFO -   Вставлено: 1,200,000 / 2,000,000 (60.0%) | Скорость: 6708 записей/сек
2025-11-11 22:57:47 - INFO -   Вставлено: 1,300,000 / 2,000,000 (65.0%) | Скорость: 6621 записей/сек
2025-11-11 22:58:05 - INFO -   Вставлено: 1,400,000 / 2,000,000 (70.0%) | Скорость: 6541 записей/сек
2025-11-11 22:58:24 - INFO -   Вставлено: 1,500,000 / 2,000,000 (75.0%) | Скорость: 6444 записей/сек
2025-11-11 22:58:42 - INFO -   Вставлено: 1,600,000 / 2,000,000 (80.0%) | Скорость: 6375 записей/сек
2025-11-11 22:58:59 - INFO -   Вставлено: 1,700,000 / 2,000,000 (85.0%) | Скорость: 6339 записей/сек
2025-11-11 22:59:17 - INFO -   Вставлено: 1,800,000 / 2,000,000 (90.0%) | Скорость: 6287 записей/сек
2025-11-11 22:59:35 - INFO -   Вставлено: 1,900,000 / 2,000,000 (95.0%) | Скорость: 6260 записей/сек
2025-11-11 22:59:52 - INFO -   Вставлено: 2,000,000 / 2,000,000 (100.0%) | Скорость: 6232 записей/сек
2025-11-11 22:59:52 - INFO - ✓ Таблица table7 заполнена за 320.93 секунд (6232 записей/сек)
